<?xml version="1.0" encoding="UTF-8"?>
<!-- Generated by org.testng.reporters.JUnitXMLReporter -->
<testsuite ignored="1" hostname="Nadine-PC" failures="0" tests="7" name="Default test" time="34.404" errors="0" timestamp="2025-09-25T21:51:30 EET">
  <testcase classname="AutomationDataBase.myTestCases" name="AddNewRecord" time="0.08"/>
  <testcase classname="AutomationDataBase.myTestCases" name="readData" time="0.145"/>
  <testcase classname="AutomationDataBase.myTestCases" name="updateData" time="0.013"/>
  <testcase classname="AutomationDataBase.myTestCases" name="deleteData" time="0.021"/>
  <testcase classname="AutomationDataBase.myTestCases" name="SignupTest" time="17.718"/>
  <testcase classname="AutomationDataBase.myTestCases" name="LogoutTest" time="4.08"/>
  <testcase classname="AutomationDataBase.myTestCases" name="Login" time="7.24"/>
  <testcase classname="AutomationDataBase.myTestCases" name="AddItemToTheCart" time="0.0">
    <ignored/>
  </testcase> <!-- AddItemToTheCart -->
</testsuite> <!-- Default test -->
