<?xml version="1.0" encoding="UTF-8"?>
<testng-results ignored="1" total="8" passed="7" failed="0" skipped="0">
  <reporter-output>
  </reporter-output>
  <suite started-at="2025-09-25T21:50:55 EET" name="Default suite" finished-at="2025-09-25T21:51:30 EET" duration-ms="34404">
    <groups>
    </groups>
    <test started-at="2025-09-25T21:50:55 EET" name="Default test" finished-at="2025-09-25T21:51:30 EET" duration-ms="34404">
      <class name="AutomationDataBase.myTestCases">
        <test-method is-config="true" signature="myBeforeTest()[pri:0, instance:AutomationDataBase.myTestCases@44040454]" started-at="2025-09-25T21:50:55 EET" name="myBeforeTest" finished-at="2025-09-25T21:51:00 EET" duration-ms="4894" status="PASS">
          <reporter-output>
          </reporter-output>
        </test-method> <!-- myBeforeTest -->
        <test-method signature="AddNewRecord()[pri:1, instance:AutomationDataBase.myTestCases@44040454]" started-at="2025-09-25T21:51:00 EET" name="AddNewRecord" finished-at="2025-09-25T21:51:00 EET" duration-ms="80" status="PASS">
          <reporter-output>
          </reporter-output>
        </test-method> <!-- AddNewRecord -->
        <test-method signature="readData()[pri:2, instance:AutomationDataBase.myTestCases@44040454]" started-at="2025-09-25T21:51:00 EET" name="readData" finished-at="2025-09-25T21:51:00 EET" duration-ms="145" status="PASS">
          <reporter-output>
          </reporter-output>
        </test-method> <!-- readData -->
        <test-method signature="updateData()[pri:3, instance:AutomationDataBase.myTestCases@44040454]" started-at="2025-09-25T21:51:00 EET" name="updateData" finished-at="2025-09-25T21:51:00 EET" duration-ms="13" status="PASS">
          <reporter-output>
          </reporter-output>
        </test-method> <!-- updateData -->
        <test-method signature="deleteData()[pri:4, instance:AutomationDataBase.myTestCases@44040454]" started-at="2025-09-25T21:51:00 EET" name="deleteData" finished-at="2025-09-25T21:51:00 EET" duration-ms="21" status="PASS">
          <reporter-output>
          </reporter-output>
        </test-method> <!-- deleteData -->
        <test-method signature="SignupTest()[pri:5, instance:AutomationDataBase.myTestCases@44040454]" started-at="2025-09-25T21:51:01 EET" name="SignupTest" finished-at="2025-09-25T21:51:18 EET" duration-ms="17718" status="PASS">
          <reporter-output>
          </reporter-output>
        </test-method> <!-- SignupTest -->
        <test-method signature="LogoutTest()[pri:6, instance:AutomationDataBase.myTestCases@44040454]" started-at="2025-09-25T21:51:18 EET" name="LogoutTest" finished-at="2025-09-25T21:51:22 EET" duration-ms="4080" status="PASS">
          <reporter-output>
          </reporter-output>
        </test-method> <!-- LogoutTest -->
        <test-method signature="Login()[pri:7, instance:AutomationDataBase.myTestCases@44040454]" started-at="2025-09-25T21:51:22 EET" name="Login" finished-at="2025-09-25T21:51:30 EET" duration-ms="7240" status="PASS">
          <reporter-output>
          </reporter-output>
        </test-method> <!-- Login -->
      </class> <!-- AutomationDataBase.myTestCases -->
    </test> <!-- Default test -->
  </suite> <!-- Default suite -->
</testng-results>
